<?xml version="1.0" encoding="UTF-8"?>
<testsuite name="me.leon.NodeCrawler" tests="1" skipped="0" failures="0" errors="0" timestamp="2022-02-26T02:51:18" hostname="fv-az39-754" time="334.709">
  <properties/>
  <testcase name="crawl()" classname="me.leon.NodeCrawler" time="334.709"/>
  <system-out><![CDATA[before 3
[https://raw.githubusercontent.com/changfengoss/pub/main/data/2021_12_28/11T0wF.txt, https://raw.githubusercontent.com/changfengoss/pub/main/data/2021_12_28/2R37Kc.yaml]
after 2
238
共有订阅源：238
https://sspool.herokuapp.com/sip002/sub 3202 
https://proxy.leefake.xyz/ssr/sub 14 
https://proxy.yugogo.xyz/clash/proxies 3668 
https://ghproxy.com/https://raw.githubusercontent.com/wrfree/free/main/ssr 49 
https://ghproxy.com/https://raw.githubusercontent.com/learnhard-cn/free_proxy_ss/main/ssr/ssrsub 4 
https://ghproxy.com/https://raw.githubusercontent.com/chfchf0306/clash/main/clash 45 
https://proxypool-guest997.herokuapp.com/ssr/sub 0 
http://158.101.93.192/trojan/sub 79 
failed______ https://ghproxy.com/https://raw.githubusercontent.com/anaer/Sub/main/clash.yml Cannot create property=proxies for JavaBean=Clash(port=7890, socks-port=7891, redir-port=0, allow-lan=true, log-level=info, secret=, external-controller=0.0.0.0:9090, mode=Rule, proxy-groups=[], dns={}, proxies=[], rules=[])
 in 'string', line 1, column 1:
    port: 7890
    ^
Cannot create property=ws-opts for JavaBean=Node(name=美国 056, type=vmess, cipher=auto, country=, obfs=, password=, port=443, protocol=, uuid=aba50dd4-5484-3b05-b14a-4661caf862d5, alterId=4, network=ws, protocol-param=, server=ua1.uuv2.co.uk, servername=)
 in 'string', line 483, column 3:
    - alterId: 4
      ^
Unable to find property 'ws-opts' on class: me.leon.Node
 in 'string', line 495, column 5:
        headers:
        ^

 in 'string', line 8, column 1:
    - name: 美国 001
    ^

https://ghproxy.com/https://raw.githubusercontent.com/anaer/Sub/main/clash.yml 0 
https://ghproxy.com/https://raw.githubusercontent.com/wrfree/free/main/v2 28 
https://smart.zxcyec.top/clash/proxies 2874 
https://proxy.yugogo.xyz/sip002/sub 3284 
http://8.135.91.61/ssr/sub 0 
https://998988.xyz/vmess/sub 132 
https://fq.lonxin.net/vmess/sub 134 
https://ghproxy.com/https://raw.githubusercontent.com/freebaipiao/freebaipiao/main/freebaipiao.yaml 41 
https://998988.xyz/sip002/sub 2268 
https://proxypool-guest997.herokuapp.com/clash/proxies 0 
https://ghproxy.com/https://raw.githubusercontent.com/Leon406/SubCrawler/main/sub/share/all 4305 
https://ghproxy.com/https://raw.githubusercontent.com/ryanv0/jddy/main/jddyy 0 
https://zua426.cf/clash/proxies 3469 
http://213.188.195.217/trojan/sub 0 
https://free.dswang.ga/trojan/sub 2 
https://1rmb.tk/trojan/sub 39 
https://mega.jinxnet.xyz/vmess/sub 249 
read err sspool.nl
https://sspool.nl/clash/proxies 0 
https://www.linbaoz.com/clash/proxies 2603 
failed:  Illegal base64 character 3f
vmess://YXV0bzowODEwMzc5OC00MTRlLTMyYjYtODc0OC0yNTA3NzMyZDJjNTFAMTEyLndvd29nZy5jeW91OjUyMjEy?remarks=%E9%AD%94%E6%88%92.net%E9%A6%99%E6%B8%AF%2020%20Microsoft&path=t.me/vpnpool&alterId=2
failed:  Illegal base64 character 3f
vmess://YXV0bzowODEwMzc5OC00MTRlLTMyYjYtODc0OC0yNTA3NzMyZDJjNTFAMTA1Lndvd29nZy5jeW91OjUyMjA1?remarks=%E9%AD%94%E6%88%92.net%E9%A6%99%E6%B8%AF%2001%20Microsoft&path=t.me/vpnpool&alterId=2
failed:  Illegal base64 character 3f
vmess://YXV0bzowODEwMzc5OC00MTRlLTMyYjYtODc0OC0yNTA3NzMyZDJjNTFAMTM2Lndvd29nZy5jeW91OjUyNDM2?remarks=%E9%AD%94%E6%88%92.net%E9%A6%99%E6%B8%AF%2017%20Microsoft&path=t.me/vpnpool&alterId=2
failed:  Illegal base64 character 3f
vmess://YXV0bzowODEwMzc5OC00MTRlLTMyYjYtODc0OC0yNTA3NzMyZDJjNTFAOTAud293b2dnLmN5b3U6NTIyOTA?remarks=%E9%AD%94%E6%88%92.net%E9%A6%99%E6%B8%AF%2011%20Microsoft&path=t.me/vpnpool&alterId=2
failed:  Illegal base64 character 3f
vmess://YXV0bzowODEwMzc5OC00MTRlLTMyYjYtODc0OC0yNTA3NzMyZDJjNTFAMTMzLndvd29nZy5jeW91OjUyMzMz?remarks=%E9%AD%94%E6%88%92.net%E9%A6%99%E6%B8%AF%2016%20Microsoft&path=t.me/vpnpool&alterId=2
failed:  Illegal base64 character 3f
vmess://YXV0bzo0NTEyZGJiMi1jMWNjLTRkOTMtZDM2Mi0zOGQ3ODI5YjY3NThANDMuMTI5LjE5My40MToyNTYzMA?remarks=%E9%AD%94%E6%88%92.net%E9%A6%99%E6%B8%AF%E9%98%BF%E4%BC%9F%E7%A7%91%E6%8A%80@TG/%E6%B2%B9%E7%AE%A1%207&alterId=0
failed:  Illegal base64 character 3f
vmess://YXV0bzowODEwMzc5OC00MTRlLTMyYjYtODc0OC0yNTA3NzMyZDJjNTFAMTAxLndvd29nZy5jeW91OjUyMjAx?remarks=%E9%AD%94%E6%88%92.net%E6%96%B0%E5%8A%A0%E5%9D%A1%E9%98%BF%E4%BC%9F%E7%A7%91%E6%8A%80@TG/%E6%B2%B9%E7%AE%A1%208&alterId=2
failed:  Illegal base64 character 3f
vmess://YXV0bzowODEwMzc5OC00MTRlLTMyYjYtODc0OC0yNTA3NzMyZDJjNTFAOTgud293b2dnLmN5b3U6NTIyOTg?remarks=%E9%AD%94%E6%88%92.net%E6%96%B0%E5%8A%A0%E5%9D%A1%E9%98%BF%E4%BC%9F%E7%A7%91%E6%8A%80@TG/%E6%B2%B9%E7%AE%A1%209&alterId=2
failed:  Illegal base64 character 3f
vmess://YXV0bzowODEwMzc5OC00MTRlLTMyYjYtODc0OC0yNTA3NzMyZDJjNTFAMTAyLndvd29nZy5jeW91OjExMjIx?remarks=%E9%AD%94%E6%88%92.net%E9%A6%99%E6%B8%AF%E9%98%BF%E4%BC%9F%E7%A7%91%E6%8A%80@TG/%E6%B2%B9%E7%AE%A1%204&alterId=2
failed:  Illegal base64 character 3f
vmess://YXV0bzowODEwMzc5OC00MTRlLTMyYjYtODc0OC0yNTA3NzMyZDJjNTFAMTM2Lndvd29nZy5jeW91OjUyNDM2?remarks=%E9%AD%94%E6%88%92.net%E6%97%A5%E6%9C%AC%E9%98%BF%E4%BC%9F%E7%A7%91%E6%8A%80@TG/%E6%B2%B9%E7%AE%A1%2011&alterId=2
failed:  Illegal base64 character 3f
vmess://YXV0bzowODEwMzc5OC00MTRlLTMyYjYtODc0OC0yNTA3NzMyZDJjNTFAOTIud293b2dnLmN5b3U6NTIyOTI?remarks=%E9%AD%94%E6%88%92.net%E6%97%A5%E6%9C%AC%E9%98%BF%E4%BC%9F%E7%A7%91%E6%8A%80@TG/%E6%B2%B9%E7%AE%A1%207&alterId=2
failed:  Illegal base64 character 3f
vmess://YXV0bzowODEwMzc5OC00MTRlLTMyYjYtODc0OC0yNTA3NzMyZDJjNTFAMTA2Lndnb25nLnh5ejoxMTIyMw?remarks=%E9%AD%94%E6%88%92.net%E6%97%A5%E6%9C%AC%E9%98%BF%E4%BC%9F%E7%A7%91%E6%8A%80@TG/%E6%B2%B9%E7%AE%A1%2012&alterId=2
failed:  Illegal base64 character 3f
vmess://YXV0bzowODEwMzc5OC00MTRlLTMyYjYtODc0OC0yNTA3NzMyZDJjNTFAODEud293b2dnLmN5b3U6NTIyODE?remarks=%E9%AD%94%E6%88%92.net%E9%A6%99%E6%B8%AF%E9%98%BF%E4%BC%9F%E7%A7%91%E6%8A%80@TG/%E6%B2%B9%E7%AE%A1%205&alterId=2
failed:  Illegal base64 character 3f
vmess://YXV0bzplNWJmMzFlMC0wZmZjLTRhY2YtODc3ZS00NDJmYWI2NDVlYzNAMDAxNzg2NDE2ODBkNGY3M2E4NWZmNjBlNGNkMjc2MjhzYS5qa2Nsb3VkLnh5ejoxODg4OA?remarks=%E9%AD%94%E6%88%92.net%E9%A6%99%E6%B8%AF%E9%98%BF%E4%BC%9F%E7%A7%91%E6%8A%80@TG/%E6%B2%B9%E7%AE%A1%202&tls=1&allowInsecure=1&alterId=0
failed:  Illegal base64 character 3f
vmess://YXV0bzowODEwMzc5OC00MTRlLTMyYjYtODc0OC0yNTA3NzMyZDJjNTFAOTQud293b2dnLmN5b3U6NTIyOTQ?remarks=%E9%AD%94%E6%88%92.net%E6%97%A5%E6%9C%AC%E9%98%BF%E4%BC%9F%E7%A7%91%E6%8A%80@TG/%E6%B2%B9%E7%AE%A1%209&alterId=2
failed:  Illegal base64 character 3f
vmess://YXV0bzplNWJmMzFlMC0wZmZjLTRhY2YtODc3ZS00NDJmYWI2NDVlYzNAZWIwNDUzMTE0ZWM0NTA2NDY1NGU1N2VlYjM5NGQ2NjcxY3NkYS5qa2Nsb3VkLnh5ejo2NjY2?remarks=%E9%AD%94%E6%88%92.net%E9%A6%99%E6%B8%AF%E9%98%BF%E4%BC%9F%E7%A7%91%E6%8A%80@TG/%E6%B2%B9%E7%AE%A1&tls=1&allowInsecure=1&alterId=0
failed:  Illegal base64 character 3f
vmess://YXV0bzowODEwMzc5OC00MTRlLTMyYjYtODc0OC0yNTA3NzMyZDJjNTFAMTAxLndvd29nZy5jeW91OjUyMjAx?remarks=%E9%AD%94%E6%88%92.net%E7%BE%8E%E5%9B%BD%E5%8D%83%E5%85%86-01%E5%8F%B7&path=t.me/vpnpool&alterId=2
failed:  Illegal base64 character 3f
vmess://YXV0bzowODEwMzc5OC00MTRlLTMyYjYtODc0OC0yNTA3NzMyZDJjNTFAOTgud293b2dnLmN5b3U6NTIyOTg?remarks=%E9%AD%94%E6%88%92.net%E7%BE%8E%E5%9B%BD%E5%8D%83%E5%85%86-06%E5%8F%B7&path=t.me/vpnpool&alterId=2
failed:  Illegal base64 character 3f
vmess://YXV0bzowODEwMzc5OC00MTRlLTMyYjYtODc0OC0yNTA3NzMyZDJjNTFAOTAud293b2dnLmN5b3U6NTIyOTA?remarks=%E9%AD%94%E6%88%92.net%E9%A6%99%E6%B8%AF-%E6%97%A5%E6%9C%AC%E5%8D%83%E5%85%86-11%E5%8F%B7&path=t.me/vpnpool&alterId=2
failed:  Illegal base64 character 3f
vmess://YXV0bzowODEwMzc5OC00MTRlLTMyYjYtODc0OC0yNTA3NzMyZDJjNTFAMTA0Lndvd29nZy5jeW91OjExMjIy?remarks=%E9%AD%94%E6%88%92.net%E6%97%A5%E6%9C%AC%E5%8D%83%E5%85%86-05%E5%8F%B7&path=t.me/vpnpool&alterId=2
failed:  Illegal base64 character 3f
vmess://YXV0bzowODEwMzc5OC00MTRlLTMyYjYtODc0OC0yNTA3NzMyZDJjNTFAMTE0Lndvd29nZy5jeW91OjUyMjE0?remarks=%E9%AD%94%E6%88%92.net%E6%97%A5%E6%9C%AC%E5%8D%83%E5%85%86-10%E5%8F%B7&path=t.me/vpnpool&alterId=2
failed:  Illegal base64 character 3f
vmess://YXV0bzowODEwMzc5OC00MTRlLTMyYjYtODc0OC0yNTA3NzMyZDJjNTFAMTMxLndvd29nZy5jeW91OjUyMzMx?remarks=%E9%AD%94%E6%88%92.net%E7%BE%8E%E5%9B%BD-%E6%97%A5%E6%9C%AC%E5%8D%83%E5%85%86-02%E5%8F%B7&path=t.me/vpnpool&alterId=2
failed:  Illegal base64 character 3f
vmess://YXV0bzowODEwMzc5OC00MTRlLTMyYjYtODc0OC0yNTA3NzMyZDJjNTFAMTI3Lndvd29nZy5jeW91OjUyMjI3?remarks=%E9%AD%94%E6%88%92.net%E6%97%A5%E6%9C%AC%E5%8D%83%E5%85%86-17%E5%8F%B7&path=t.me/vpnpool&alterId=2
failed:  Illegal base64 character 3f
vmess://YXV0bzowODEwMzc5OC00MTRlLTMyYjYtODc0OC0yNTA3NzMyZDJjNTFAMTAyLndvd29nZy5jeW91OjExMjIx?remarks=%E9%AD%94%E6%88%92.net%E6%97%A5%E6%9C%AC%E5%8D%83%E5%85%86-02%E5%8F%B7&path=t.me/vpnpool&alterId=2
failed:  Illegal base64 character 3f
vmess://YXV0bzowODEwMzc5OC00MTRlLTMyYjYtODc0OC0yNTA3NzMyZDJjNTFAMTAyLndvd29nZy5jeW91OjExMjIx?remarks=%E9%AD%94%E6%88%92.net%E6%97%A5%E6%9C%AC%E5%8D%83%E5%85%86-24%E5%8F%B7&path=/&alterId=2
failed:  Illegal base64 character 3f
vmess://YXV0bzowODEwMzc5OC00MTRlLTMyYjYtODc0OC0yNTA3NzMyZDJjNTFAMTA3Lndvd29nZy5jeW91OjUyMjA3?remarks=%E9%AD%94%E6%88%92.net%E6%97%A5%E6%9C%AC%E5%8D%83%E5%85%86-07%E5%8F%B7&path=t.me/vpnpool&alterId=2
failed:  Illegal base64 character 3f
vmess://YXV0bzowODEwMzc5OC00MTRlLTMyYjYtODc0OC0yNTA3NzMyZDJjNTFAMTEwLndvd29nZy5jeW91OjUyMjEw?remarks=%E9%AD%94%E6%88%92.net%E6%97%A5%E6%9C%AC%E5%8D%83%E5%85%86-09%E5%8F%B7&path=t.me/vpnpool&alterId=2
failed:  Illegal base64 character 3f
vmess://YXV0bzowODEwMzc5OC00MTRlLTMyYjYtODc0OC0yNTA3NzMyZDJjNTFAODYud293b2dnLmN5b3U6NTIyODY?remarks=%E9%AD%94%E6%88%92.net%E9%A6%99%E6%B8%AF-%E6%97%A5%E6%9C%AC%E5%8D%83%E5%85%86-08%E5%8F%B7&path=t.me/vpnpool&alterId=2
failed:  Illegal base64 character 3f
vmess://YXV0bzowODEwMzc5OC00MTRlLTMyYjYtODc0OC0yNTA3NzMyZDJjNTFAMTI2Lndvd29nZy5jeW91OjUyMjI2?remarks=%E9%AD%94%E6%88%92.net%E6%97%A5%E6%9C%AC%E5%8D%83%E5%85%86-16%E5%8F%B7&path=t.me/vpnpool&alterId=2
failed:  Illegal base64 character 3f
vmess://YXV0bzowODEwMzc5OC00MTRlLTMyYjYtODc0OC0yNTA3NzMyZDJjNTFAMTAwLndvd29nZy5jeW91OjExMjIw?remarks=%E9%AD%94%E6%88%92.net%E6%97%A5%E6%9C%AC%E5%8D%83%E5%85%86-01%E5%8F%B7&path=t.me/vpnpool&alterId=2
failed:  Illegal base64 character 3f
vmess://YXV0bzowODEwMzc5OC00MTRlLTMyYjYtODc0OC0yNTA3NzMyZDJjNTFAMTMzLndvd29nZy5jeW91OjUyMzMz?remarks=%E9%AD%94%E6%88%92.net%E9%A6%99%E6%B8%AF-%E6%97%A5%E6%9C%AC%E5%8D%83%E5%85%86-03%E5%8F%B7&path=t.me/vpnpool&alterId=2
failed:  Illegal base64 character 3f
vmess://YXV0bzowODEwMzc5OC00MTRlLTMyYjYtODc0OC0yNTA3NzMyZDJjNTFAODQud293b2dnLmN5b3U6NTIyODQ?remarks=%E9%AD%94%E6%88%92.net%E6%97%A5%E6%9C%AC%E5%8D%83%E5%85%86-21%E5%8F%B7&path=t.me/vpnpool&alterId=2
failed:  Illegal base64 character 3f
vmess://YXV0bzowODEwMzc5OC00MTRlLTMyYjYtODc0OC0yNTA3NzMyZDJjNTFAODUud293b2dnLmN5b3U6NTIyODU?remarks=%E9%AD%94%E6%88%92.net%20vpnpool-SG-DigitalOcean&path=t.me/vpnpool&alterId=2
failed:  Illegal base64 character 3f
vmess://YXV0bzowODEwMzc5OC00MTRlLTMyYjYtODc0OC0yNTA3NzMyZDJjNTFAMTI2Lndvd29nZy5jeW91OjUyMjI2?remarks=%E9%AD%94%E6%88%92.net%20vpnpool-Tokyo-Linode&path=t.me/vpnpool&alterId=2
failed:  Illegal base64 character 3f
vmess://YXV0bzowODEwMzc5OC00MTRlLTMyYjYtODc0OC0yNTA3NzMyZDJjNTFAMTI4Lndvd29nZy5jeW91OjUyMjI4?remarks=%E9%AD%94%E6%88%92.net%20vpnpool-Tokyo-Linode&path=t.me/vpnpool&alterId=2
failed:  Illegal base64 character 3f
vmess://YXV0bzowODEwMzc5OC00MTRlLTMyYjYtODc0OC0yNTA3NzMyZDJjNTFAOTYud293b2dnLmN5b3U6NTIyOTY?remarks=%E9%AD%94%E6%88%92.net%20vpnpool-Tokyo-Linode&path=t.me/vpnpool&alterId=2
failed:  Illegal base64 character 3f
vmess://YXV0bzowODEwMzc5OC00MTRlLTMyYjYtODc0OC0yNTA3NzMyZDJjNTFAMTEwLndvd29nZy5jeW91OjUyMjEw?remarks=%E9%AD%94%E6%88%92.net%20vpnpool-SG-DigitalOcean&path=t.me/vpnpool&alterId=2
failed:  Illegal base64 character 3f
vmess://YXV0bzowODEwMzc5OC00MTRlLTMyYjYtODc0OC0yNTA3NzMyZDJjNTFAODEud293b2dnLmN5b3U6NTIyODE?remarks=%E9%AD%94%E6%88%92.net%20vpnpool-Tokyo-Linode&path=t.me/vpnpool&alterId=2
failed:  Illegal base64 character 3f
vmess://YXV0bzowODEwMzc5OC00MTRlLTMyYjYtODc0OC0yNTA3NzMyZDJjNTFAOTMud293b2dnLmN5b3U6NTIyOTM?remarks=%E9%AD%94%E6%88%92.net%20vpnpool-Tokyo-Linode&path=t.me/vpnpool&alterId=2
failed:  Illegal base64 character 3f
vmess://YXV0bzowODEwMzc5OC00MTRlLTMyYjYtODc0OC0yNTA3NzMyZDJjNTFAMTMyLndvd29nZy5jeW91OjUyMzMy?remarks=%E9%AD%94%E6%88%92.net%20vpnpool-%E9%A6%99%E6%B8%AF%E8%85%BE%E8%AE%AF%E4%BA%91&path=t.me/vpnpool&alterId=2
failed:  Illegal base64 character 3f
vmess://YXV0bzowODEwMzc5OC00MTRlLTMyYjYtODc0OC0yNTA3NzMyZDJjNTFAMTAzLndvd29nZy5jeW91OjUyMjAz?remarks=%E9%AD%94%E6%88%92.net*%F0%9F%87%AF%F0%9F%87%B5JP%20647%7C%20hi-moon.pw&alterId=2
failed:  Illegal base64 character 3f
vmess://YXV0bzowODEwMzc5OC00MTRlLTMyYjYtODc0OC0yNTA3NzMyZDJjNTFAMTA0LjIwOC45NC4zNjoxMTIyNA?remarks=%E9%AD%94%E6%88%92.net*%F0%9F%87%AF%F0%9F%87%B5JP%20693%7C%20hi-moon.pw&alterId=2
failed:  Illegal base64 character 3f
vmess://YXV0bzowODEwMzc5OC00MTRlLTMyYjYtODc0OC0yNTA3NzMyZDJjNTFAMTAwLndvd29nZy5jeW91OjExMjIw?remarks=%E9%AD%94%E6%88%92.net*%F0%9F%87%AF%F0%9F%87%B5JP%20643%7C%20hi-moon.pw&alterId=2
failed:  Illegal base64 character 3f
vmess://YXV0bzowODEwMzc5OC00MTRlLTMyYjYtODc0OC0yNTA3NzMyZDJjNTFAMTA0Lndvd29nZy5jeW91OjExMjIy?remarks=%E9%AD%94%E6%88%92.net*%F0%9F%87%AF%F0%9F%87%B5JP%201582%7C%20hi-moon.pw&alterId=2
failed:  Illegal base64 character 3f
vmess://YXV0bzowODEwMzc5OC00MTRlLTMyYjYtODc0OC0yNTA3NzMyZDJjNTFAODIud293b2dnLmN5b3U6NTIyODI?remarks=%E9%AD%94%E6%88%92.net*%F0%9F%87%AF%F0%9F%87%B5JP%20625%7C%20hi-moon.pw&alterId=2
failed:  Illegal base64 character 3f
vmess://YXV0bzowODEwMzc5OC00MTRlLTMyYjYtODc0OC0yNTA3NzMyZDJjNTFAMTI5Lndvd29nZy5jeW91OjUyMzI5?remarks=%E9%AD%94%E6%88%92.net*%F0%9F%87%AF%F0%9F%87%B5JP%20659%7C%20hi-moon.pw&alterId=2
failed:  Illegal base64 character 3f
vmess://YXV0bzowODEwMzc5OC00MTRlLTMyYjYtODc0OC0yNTA3NzMyZDJjNTFAODQud293b2dnLmN5b3U6NTIyODQ?remarks=%E9%AD%94%E6%88%92.net*%F0%9F%87%AF%F0%9F%87%B5JP%20650%7C%20hi-moon.pw&alterId=2
failed:  Illegal base64 character 3f
vmess://YXV0bzowODEwMzc5OC00MTRlLTMyYjYtODc0OC0yNTA3NzMyZDJjNTFAMTAyLndvd29nZy5jeW91OjExMjIx?remarks=%E9%AD%94%E6%88%92.net*%F0%9F%87%AF%F0%9F%87%B5JP%20652%7C%20hi-moon.pw&alterId=2
failed:  Illegal base64 character 3f
vmess://YXV0bzowODEwMzc5OC00MTRlLTMyYjYtODc0OC0yNTA3NzMyZDJjNTFAMTE5Lndvd29nZy5jeW91OjUyMjE5?remarks=%E9%AD%94%E6%88%92.net*%F0%9F%87%AF%F0%9F%87%B5JP%20646%7C%20hi-moon.pw&alterId=2
failed:  Illegal base64 character 3f
vmess://YXV0bzowODEwMzc5OC00MTRlLTMyYjYtODc0OC0yNTA3NzMyZDJjNTFAODUud293b2dnLmN5b3U6NTIyODU?remarks=%E9%AD%94%E6%88%92.net*%F0%9F%87%AF%F0%9F%87%B5JP%20654%7C%20hi-moon.pw&alterId=2
failed:  Illegal base64 character 3f
vmess://YXV0bzowODEwMzc5OC00MTRlLTMyYjYtODc0OC0yNTA3NzMyZDJjNTFAOTIud293b2dnLmN5b3U6NTIyOTI?remarks=%E9%AD%94%E6%88%92.net*%F0%9F%87%AF%F0%9F%87%B5JP%201583%7C%20hi-moon.pw&alterId=2
failed:  Illegal base64 character 3f
vmess://YXV0bzo1YzcwZGE1ZC1lNjQxLTNiZjgtYjdkYy01YmFiZDg0M2ZmM2NAMDIyMGhrMDUuZmFuczgueHl6Ojgw?remarks=%E9%AD%94%E6%88%92.net%E9%A6%99%E6%B8%AF2-%E4%B8%89%E7%BD%91%E4%BC%98%E5%8C%96&path=/v2ray&obfs=websocket&alterId=2
failed:  Illegal base64 character 3f
vmess://YXV0bzo1YzcwZGE1ZC1lNjQxLTNiZjgtYjdkYy01YmFiZDg0M2ZmM2NAMDIxOGtyMDIuZmFuczgueHl6Ojgw?remarks=%E9%AD%94%E6%88%92.net%E9%9F%A9%E5%9B%BD1-%E4%B8%89%E7%BD%91%E4%BC%98%E5%8C%96&path=/v2ray&obfs=websocket&alterId=2
failed:  Illegal base64 character 3f
vmess://YXV0bzo1YzcwZGE1ZC1lNjQxLTNiZjgtYjdkYy01YmFiZDg0M2ZmM2NAMTAzMWtyLmZhbnM4Lnh5ejo4MA?remarks=%E9%AD%94%E6%88%92.net%E9%9F%A9%E5%9B%BD8-%E4%B8%89%E7%BD%91%E4%BC%98%E5%8C%96&path=/v2ray&obfs=websocket&alterId=2
https://github.com/Jsnzkpg/Jsnzkpg/raw/Jsnzkpg/Jsnzkpg 72 
https://ghproxy.com/https://raw.githubusercontent.com/renyige1314/VMESS/main/VMESS 38 
https://ghproxy.com/https://raw.githubusercontent.com/Leon406/SubCrawler/main/sub/share/tr 159 
failed______ https://ghproxy.com/https://raw.githubusercontent.com/ldir92664/Vmess-Actions/main/subscribe/clash-bihai.yml Cannot create property=proxies for JavaBean=Clash(port=7890, socks-port=7891, redir-port=0, allow-lan=true, log-level=info, secret=, external-controller=:9090, mode=Rule, proxy-groups=[], dns={}, proxies=[], rules=[])
 in 'string', line 1, column 1:
    port: 7890
    ^
Cannot create property=ws-opts for JavaBean=Node(name=CA_309 |79.23Mb, type=vmess, cipher=auto, country=, obfs=, password=, port=443, protocol=, uuid=aba50dd4-5484-3b05-b14a-4661caf862d5, alterId=4, network=ws, protocol-param=, server=usa-buffalo.lvuft.com, servername=)
 in 'string', line 8, column 5:
      - {name: CA_309 |79.23Mb, server:  ... 
        ^
Unable to find property 'ws-opts' on class: me.leon.Node
 in 'string', line 8, column 211:
     ... fy: true, network: ws, ws-opts: {path: /ws, headers: {Host: usa- ... 
                                         ^

 in 'string', line 8, column 3:
      - {name: CA_309 |79.23Mb, server ... 
      ^

https://ghproxy.com/https://raw.githubusercontent.com/ldir92664/Vmess-Actions/main/subscribe/clash-bihai.yml 0 
https://mega.jinxnet.xyz/sip002/sub 3794 
https://ghproxy.com/https://raw.githubusercontent.com/Leon406/SubCrawler/main/sub/share/v2 1354 
https://ditan.ml/clash/proxies 0 
http://www.fuckgfw.tk/clash/proxies 0 
https://free.zdl.im/vmess/sub 141 
https://998988.xyz/clash/proxies 2519 
https://ghproxy.com/https://raw.githubusercontent.com/iii6/clash/main/clash.yml 62 
http://wxshi.top:9090/clash/proxies 177 
failed______ https://ghproxy.com/https://raw.githubusercontent.com/ssrsub/ssr/master/Clash.yml Cannot create property=proxies for JavaBean=Clash(port=7890, socks-port=7891, redir-port=0, allow-lan=true, log-level=info, secret=, external-controller=127.0.0.1:9090, mode=Rule, proxy-groups=[], dns={}, proxies=[], rules=[])
 in 'string', line 1, column 1:
    port: 7890
    ^
Cannot create property=ws-opts for JavaBean=Node(name=@SSRSUB-V01-付费推荐:suo.yt/ssrsub, type=vmess, cipher=auto, country=, obfs=, password=, port=505, protocol=, uuid=80bc6df4-2905-35f9-a671-35bc803d93cd, alterId=1, network=ws, protocol-param=, server=tunnel-tw-a-01.xncloud.xyz, servername=)
 in 'string', line 24, column 5:
      - {name: "@SSRSUB-V01-付费推荐:suo.yt/ ... 
        ^
Unable to find property 'ws-opts' on class: me.leon.Node
 in 'string', line 24, column 234:
     ... fy: true, network: ws, ws-opts: {path: /niaoyun, headers: {Host: ... 
                                         ^

 in 'string', line 8, column 3:
      - {name: 公益机场:https://bit.ly/3BP ... 
      ^

https://ghproxy.com/https://raw.githubusercontent.com/ssrsub/ssr/master/Clash.yml 0 
https://ghproxy.com/https://raw.githubusercontent.com/ThekingMX1998/free-v2ray-code/master/Subscription/GreenFishYYDS 77 
https://ghproxy.com/https://raw.githubusercontent.com/alanbobs999/TopFreeProxies/master/sub/sub_merge.txt 2513 
read err connect timed out
https://proxypool.remon602.ga/sip002/sub 0 
https://free.kingfu.cf/trojan/sub 33 
https://proxypool-guest997.herokuapp.com/vmess/sub 0 
read err Connection refused (Connection refused)
http://60.205.189.25/clash/proxies 0 
https://resona.top/clash/proxies 0 
https://proxypoolss.fly.dev/vmess/sub 138 
https://1rmb.tk/clash/proxies 1373 
http://152.70.254.216:1234/ssr/sub 38 
https://ghproxy.com/https://raw.githubusercontent.com/ermaozi/get_subscribe/main/subscribe/v2ray.txt 165 
https://free.kingfu.cf/vmess/sub 132 
read err 233660.xyz
https://233660.xyz/clash/proxies 0 
https://mega.jinxnet.xyz/clash/proxies 4208 
read err connect timed out
https://6166888.xyz/clash/proxies 0 
https://proxypoolss.fly.dev/ssr/sub 43 
https://free.zdl.im/clash/proxies 2831 
https://proxies.payday2.eu.org/ss/sub 0 
https://ghproxy.com/https://raw.githubusercontent.com/webdao/v2ray/master/nodes.txt 0 
https://ghproxy.com/https://raw.githubusercontent.com/changfengoss/pub/main/data/2021_12_28/2R37Kc.yaml 0 
failed______ https://bulink.me/sub/ge5fgq/cl Cannot create property=experimental for JavaBean=Clash(port=7890, socks-port=7891, redir-port=7892, allow-lan=true, log-level=info, secret=, external-controller=0.0.0.0:9090, mode=Rule, proxy-groups=[], dns={}, proxies=[], rules=[])
 in 'string', line 2, column 1:
    port: 7890
    ^
Unable to find property 'experimental' on class: me.leon.Clash
 in 'string', line 14, column 3:
      ignore-resolve-fail: true # igno ... 
      ^

https://bulink.me/sub/ge5fgq/cl 0 
https://ghproxy.com/https://raw.githubusercontent.com/lovesr11/go_run1/main/sub/share/ssr 167 
https://ghproxy.com/https://raw.githubusercontent.com/oslook/clash-freenode/main/clash.yaml 62 
https://fq.lonxin.net/sip002/sub 2331 
https://ghproxy.com/https://raw.githubusercontent.com/chfchf0306/bdjsq/main/VPN 45 
https://sspool.herokuapp.com/ssr/sub 12 
https://proxypoolss.fly.dev/sip002/sub 2332 
https://freemby.tk/clash/proxies 0 
https://ghproxy.com/https://raw.githubusercontent.com/iii6/clash/main/v2ray.txt 67 
https://proxypool-guest997.herokuapp.com/trojan/sub 0 
https://proxy.leefake.xyz/trojan/sub 96 
https://ghproxy.com/https://raw.githubusercontent.com/Leon406/SubCrawler/main/sub/share/ssr 208 
https://zua426.cf/sip002/sub 3275 
https://ghproxy.com/https://raw.githubusercontent.com/Leon406/SubCrawler/main/sub/share/ss 2584 
https://free.kingfu.cf/clash/proxies 3034 
https://free886.herokuapp.com/clash/proxies 206 
read err connect timed out
https://sspool.herokuapp.com/clash/proxies 0 
https://proxies.payday2.eu.org/trojan/sub 45 
read err fu.stgod.com
https://fu.stgod.com/clash/proxies 0 
http://213.188.195.217/clash/proxies 0 
https://smart.zxcyec.top/sip002/sub 2651 
https://proxy.yugogo.xyz/ssr/sub 51 
read err connect timed out
https://proxypool.remon602.ga/vmess/sub 0 
http://213.188.195.217/vmess/sub 0 
failed______ https://ghproxy.com/https://raw.githubusercontent.com/ldir92664/Vmess-Actions/main/subscribe/clash.yml Cannot create property=proxies for JavaBean=Clash(port=7890, socks-port=7891, redir-port=0, allow-lan=true, log-level=info, secret=, external-controller=:9090, mode=Rule, proxy-groups=[], dns={}, proxies=[], rules=[])
 in 'string', line 1, column 1:
    port: 7890
    ^
Cannot create property=ws-opts for JavaBean=Node(name=CA_309 |79.23Mb, type=vmess, cipher=auto, country=, obfs=, password=, port=443, protocol=, uuid=aba50dd4-5484-3b05-b14a-4661caf862d5, alterId=4, network=ws, protocol-param=, server=usa-buffalo.lvuft.com, servername=)
 in 'string', line 8, column 5:
      - {name: CA_309 |79.23Mb, server:  ... 
        ^
Unable to find property 'ws-opts' on class: me.leon.Node
 in 'string', line 8, column 211:
     ... fy: true, network: ws, ws-opts: {path: /ws, headers: {Host: usa- ... 
                                         ^

 in 'string', line 8, column 3:
      - {name: CA_309 |79.23Mb, server ... 
      ^

https://ghproxy.com/https://raw.githubusercontent.com/ldir92664/Vmess-Actions/main/subscribe/clash.yml 0 
read err Received fatal alert: access_denied
https://proxypool.fly.dev/ssr/sub 0 
https://free.dswang.ga/vmess/sub 17 
https://ghproxy.com/https://raw.githubusercontent.com/freebaipiao/freebaipiao/main/link.txt 0 
https://ghproxy.com/https://raw.githubusercontent.com/freefq/free/master/v2 28 
read err connect timed out
https://clashpool.ml/clash/proxies 0 
failed______ https://ghproxy.com/https://raw.githubusercontent.com/ermaozi/get_subscribe/main/subscribe/clash.yml Cannot create property=proxies for JavaBean=Clash(port=7890, socks-port=7891, redir-port=0, allow-lan=true, log-level=info, secret=, external-controller=0.0.0.0:9090, mode=Rule, proxy-groups=[], dns={}, proxies=[], rules=[])
 in 'string', line 1, column 1:
    port: 7890
    ^
Cannot create property=ws-opts for JavaBean=Node(name=]]>&#x1f1f0;<![CDATA[]]>&#x1f1f7;<![CDATA[_KR_韩国_1, type=vmess, cipher=auto, country=, obfs=, password=, port=10121, protocol=, uuid=403acd13-9d60-44f1-ac2d-0359cd5e2d7e, alterId=0, network=ws, protocol-param=, server=v.mumi.bid, servername=)
 in 'string', line 8, column 5:
      - {"name":"]]>&#x1f1f0;<![CDATA[]]>&#x1f1f7;<![CDATA[_KR_韩国_1","server":"v ... 
        ^
Unable to find property 'ws-opts' on class: me.leon.Node
 in 'string', line 8, column 186:
     ... ":true,"network":"ws","ws-opts":{"path":"/"}}
                                         ^

 in 'string', line 8, column 3:
      - {"name":"]]>&#x1f1f0;<![CDATA[]]>&#x1f1f7;<![CDATA[_KR_韩国_1","server": ... 
      ^

https://ghproxy.com/https://raw.githubusercontent.com/ermaozi/get_subscribe/main/subscribe/clash.yml 0 
https://1rmb.tk/sip002/sub 1230 
https://free.zdl.im/sip002/sub 2591 
https://smart.zxcyec.top/vmess/sub 137 
https://proxies.bihai.cf/ssr/sub 30 
https://ednovas.design/vmess/sub 99 
https://mega.jinxnet.xyz/ss/sub 0 
https://ghproxy.com/https://raw.githubusercontent.com/colatiger/v2ray-nodes/master/proxy.md 89 
https://ghproxy.com/https://raw.githubusercontent.com/learnhard-cn/free_proxy_ss/main/free 8 
https://pool.jinxnet.xyz/ssr/sub 0 
http://8.135.91.61/vmess/sub 0 
https://1rmb.tk/ssr/sub 17 
https://ghproxy.com/https://raw.githubusercontent.com/chfchf0306/jeidian4.18/main/4.18 45 
https://ghproxy.com/https://raw.githubusercontent.com/UmeLabs/node.umelabs.dev/master/Subscribe/SSR.md 4 
read err connect timed out
https://proxypool.remon602.ga/clash/proxies 0 
https://hm2019721.ml/clash/proxies 0 
https://proxy.51798.xyz/clash/proxies 884 
http://hk.xhrzg2017.xyz/clash/proxies 2863 
https://proxies.bihai.cf/vmess/sub 178 
http://152.70.254.216:1234/clash/proxies 2863 
https://proxypoolv2.tk/clash/proxies 0 
https://hk.xhrzg2017.xyz/trojan/sub 93 
https://zz.guicloud.xyz/clash/proxies 0 
https://ghproxy.com/https://raw.githubusercontent.com/colatiger/v2ray-nodes/master/ss.md 59 
https://ednovas.design/clash/proxies 2677 
https://smart.zxcyec.top/ssr/sub 5 
https://proxy.leefake.xyz/vmess/sub 139 
http://8.135.91.61/clash/proxies 0 
https://proxies.bihai.cf/trojan/sub 21 
https://free.kingfu.cf/sip002/sub 2832 
read err gugb.guanming.xyz
https://gugb.guanming.xyz/clash/proxies 0 
https://free.dswang.ga/sip002/sub 71 
https://ghproxy.com/https://raw.githubusercontent.com/lovesr11/go_run1/main/sub/share/all 4989 
https://ednovas.design/ssr/sub 12 
https://ghproxy.com/https://raw.githubusercontent.com/colatiger/v2ray-nodes/master/trojan.md 2 
read err ssr.mkkhack.pw
http://ssr.mkkhack.pw/ssr.php 0 
https://mega.jinxnet.xyz/trojan/sub 146 
https://zua426.cf/vmess/sub 151 
https://ghproxy.com/https://raw.githubusercontent.com/UmeLabs/node.umelabs.dev/master/Subscribe/v2ray.md 2 
read err connect timed out
https://proxypool.remon602.ga/ssr/sub 0 
https://smart.zxcyec.top/trojan/sub 81 
http://213.188.195.217/sip002/sub 0 
http://213.188.195.217/ssr/sub 0 
https://free.zdl.im/trojan/sub 91 
failed______ https://ghproxy.com/https://raw.githubusercontent.com/anaer/Sub/main/clash.yaml Cannot create property=proxies for JavaBean=Clash(port=7890, socks-port=7891, redir-port=0, allow-lan=true, log-level=info, secret=, external-controller=0.0.0.0:9090, mode=Rule, proxy-groups=[], dns={}, proxies=[], rules=[])
 in 'string', line 1, column 1:
    port: 7890
    ^
Cannot create property=ws-opts for JavaBean=Node(name=亚太地区 001, type=vmess, cipher=auto, country=, obfs=, password=, port=80, protocol=, uuid=5c70da5d-e641-3bf8-b7dc-5babd843ff3c, alterId=2, network=ws, protocol-param=, server=0107hk.fans8.xyz, servername=)
 in 'string', line 8, column 3:
    - alterId: 2
      ^
Unable to find property 'ws-opts' on class: me.leon.Node
 in 'string', line 20, column 5:
        headers:
        ^

 in 'string', line 8, column 1:
    - alterId: 2
    ^

https://ghproxy.com/https://raw.githubusercontent.com/anaer/Sub/main/clash.yaml 0 
https://pool.jinxnet.xyz/clash/proxies 78 
https://ghproxy.com/https://raw.githubusercontent.com/learnhard-cn/free_proxy_ss/main/ss/sssub 4 
https://998988.xyz/trojan/sub 86 
http://8.135.91.61/sip002/sub 0 
https://ghproxy.com/https://raw.githubusercontent.com/codingbox/Free-Node-Merge/main/node.txt 44 
read err hello.stgod.com
https://hello.stgod.com/clash/proxies 0 
http://158.101.93.192/vmess/sub 138 
https://ghproxy.com/https://raw.githubusercontent.com/xiyaowong/freeFQ/main/v2ray 327 
https://ss.dswang.ga:8443/clash/proxies 90 
https://proxies.payday2.eu.org/clash/proxies 3973 
read err Received fatal alert: access_denied
https://proxypool.fly.dev/clash/proxies 0 
https://proxy.yugogo.xyz/trojan/sub 94 
https://ghproxy.com/https://raw.githubusercontent.com/vpei/Free-Node-Merge/main/out/nodecn.txt 1 
https://zua426.cf/trojan/sub 15 
https://ghproxy.com/https://raw.githubusercontent.com/ssrsub/ssr/master/trojan 1 
https://proxies.payday2.eu.org/sip002/sub 3659 
https://ghproxy.com/https://raw.githubusercontent.com/ssrsub/ssr/master/ssrsub 7 
https://api.buliang0.cf/easyclash 10 
https://1rmb.tk/vmess/sub 87 
https://hk.xhrzg2017.xyz/vmess/sub 121 
https://ghproxy.com/https://raw.githubusercontent.com/ssrsub/ssr/master/V2Ray 72 
https://sspool.herokuapp.com/trojan/sub 96 
https://ghproxy.com/https://raw.githubusercontent.com/vpei/Free-Node-Merge/main/out/node.txt 5 
read err Received fatal alert: access_denied
https://proxypool.fly.dev/sip002/sub 0 
https://proxypool-guest997.herokuapp.com/sip002/sub 0 
https://proxypoolv2.herokuapp.com/clash/proxies 0 
https://fq.lonxin.net/ssr/sub 41 
https://proxies.bihai.cf/clash/proxies 3484 
https://pool.jinxnet.xyz/sip002/sub 39 
failed:  Illegal base64 character 3f
vmess://YXV0bzowODEwMzc5OC00MTRlLTMyYjYtODc0OC0yNTA3NzMyZDJjNTFAMTEyLndvd29nZy5jeW91OjUyMjEy?remarks=%E9%AD%94%E6%88%92.net%E9%A6%99%E6%B8%AF%2020%20Microsoft&path=t.me/vpnpool&alterId=2
failed:  Illegal base64 character 3f
vmess://YXV0bzowODEwMzc5OC00MTRlLTMyYjYtODc0OC0yNTA3NzMyZDJjNTFAMTA1Lndvd29nZy5jeW91OjUyMjA1?remarks=%E9%AD%94%E6%88%92.net%E9%A6%99%E6%B8%AF%2001%20Microsoft&path=t.me/vpnpool&alterId=2
failed:  Illegal base64 character 3f
vmess://YXV0bzowODEwMzc5OC00MTRlLTMyYjYtODc0OC0yNTA3NzMyZDJjNTFAMTM2Lndvd29nZy5jeW91OjUyNDM2?remarks=%E9%AD%94%E6%88%92.net%E9%A6%99%E6%B8%AF%2017%20Microsoft&path=t.me/vpnpool&alterId=2
failed:  Illegal base64 character 3f
vmess://YXV0bzowODEwMzc5OC00MTRlLTMyYjYtODc0OC0yNTA3NzMyZDJjNTFAOTAud293b2dnLmN5b3U6NTIyOTA?remarks=%E9%AD%94%E6%88%92.net%E9%A6%99%E6%B8%AF%2011%20Microsoft&path=t.me/vpnpool&alterId=2
failed:  Illegal base64 character 3f
vmess://YXV0bzowODEwMzc5OC00MTRlLTMyYjYtODc0OC0yNTA3NzMyZDJjNTFAMTMzLndvd29nZy5jeW91OjUyMzMz?remarks=%E9%AD%94%E6%88%92.net%E9%A6%99%E6%B8%AF%2016%20Microsoft&path=t.me/vpnpool&alterId=2
failed:  Illegal base64 character 3f
vmess://YXV0bzo0NTEyZGJiMi1jMWNjLTRkOTMtZDM2Mi0zOGQ3ODI5YjY3NThANDMuMTI5LjE5My40MToyNTYzMA?remarks=%E9%AD%94%E6%88%92.net%E9%A6%99%E6%B8%AF%E9%98%BF%E4%BC%9F%E7%A7%91%E6%8A%80@TG/%E6%B2%B9%E7%AE%A1%207&alterId=0
failed:  Illegal base64 character 3f
vmess://YXV0bzowODEwMzc5OC00MTRlLTMyYjYtODc0OC0yNTA3NzMyZDJjNTFAMTAxLndvd29nZy5jeW91OjUyMjAx?remarks=%E9%AD%94%E6%88%92.net%E6%96%B0%E5%8A%A0%E5%9D%A1%E9%98%BF%E4%BC%9F%E7%A7%91%E6%8A%80@TG/%E6%B2%B9%E7%AE%A1%208&alterId=2
failed:  Illegal base64 character 3f
vmess://YXV0bzowODEwMzc5OC00MTRlLTMyYjYtODc0OC0yNTA3NzMyZDJjNTFAOTgud293b2dnLmN5b3U6NTIyOTg?remarks=%E9%AD%94%E6%88%92.net%E6%96%B0%E5%8A%A0%E5%9D%A1%E9%98%BF%E4%BC%9F%E7%A7%91%E6%8A%80@TG/%E6%B2%B9%E7%AE%A1%209&alterId=2
failed:  Illegal base64 character 3f
vmess://YXV0bzowODEwMzc5OC00MTRlLTMyYjYtODc0OC0yNTA3NzMyZDJjNTFAMTAyLndvd29nZy5jeW91OjExMjIx?remarks=%E9%AD%94%E6%88%92.net%E9%A6%99%E6%B8%AF%E9%98%BF%E4%BC%9F%E7%A7%91%E6%8A%80@TG/%E6%B2%B9%E7%AE%A1%204&alterId=2
failed:  Illegal base64 character 3f
vmess://YXV0bzowODEwMzc5OC00MTRlLTMyYjYtODc0OC0yNTA3NzMyZDJjNTFAMTM2Lndvd29nZy5jeW91OjUyNDM2?remarks=%E9%AD%94%E6%88%92.net%E6%97%A5%E6%9C%AC%E9%98%BF%E4%BC%9F%E7%A7%91%E6%8A%80@TG/%E6%B2%B9%E7%AE%A1%2011&alterId=2
failed:  Illegal base64 character 3f
vmess://YXV0bzowODEwMzc5OC00MTRlLTMyYjYtODc0OC0yNTA3NzMyZDJjNTFAOTIud293b2dnLmN5b3U6NTIyOTI?remarks=%E9%AD%94%E6%88%92.net%E6%97%A5%E6%9C%AC%E9%98%BF%E4%BC%9F%E7%A7%91%E6%8A%80@TG/%E6%B2%B9%E7%AE%A1%207&alterId=2
failed:  Illegal base64 character 3f
vmess://YXV0bzowODEwMzc5OC00MTRlLTMyYjYtODc0OC0yNTA3NzMyZDJjNTFAMTA2Lndnb25nLnh5ejoxMTIyMw?remarks=%E9%AD%94%E6%88%92.net%E6%97%A5%E6%9C%AC%E9%98%BF%E4%BC%9F%E7%A7%91%E6%8A%80@TG/%E6%B2%B9%E7%AE%A1%2012&alterId=2
failed:  Illegal base64 character 3f
vmess://YXV0bzowODEwMzc5OC00MTRlLTMyYjYtODc0OC0yNTA3NzMyZDJjNTFAODEud293b2dnLmN5b3U6NTIyODE?remarks=%E9%AD%94%E6%88%92.net%E9%A6%99%E6%B8%AF%E9%98%BF%E4%BC%9F%E7%A7%91%E6%8A%80@TG/%E6%B2%B9%E7%AE%A1%205&alterId=2
failed:  Illegal base64 character 3f
vmess://YXV0bzplNWJmMzFlMC0wZmZjLTRhY2YtODc3ZS00NDJmYWI2NDVlYzNAMDAxNzg2NDE2ODBkNGY3M2E4NWZmNjBlNGNkMjc2MjhzYS5qa2Nsb3VkLnh5ejoxODg4OA?remarks=%E9%AD%94%E6%88%92.net%E9%A6%99%E6%B8%AF%E9%98%BF%E4%BC%9F%E7%A7%91%E6%8A%80@TG/%E6%B2%B9%E7%AE%A1%202&tls=1&allowInsecure=1&alterId=0
failed:  Illegal base64 character 3f
vmess://YXV0bzowODEwMzc5OC00MTRlLTMyYjYtODc0OC0yNTA3NzMyZDJjNTFAOTQud293b2dnLmN5b3U6NTIyOTQ?remarks=%E9%AD%94%E6%88%92.net%E6%97%A5%E6%9C%AC%E9%98%BF%E4%BC%9F%E7%A7%91%E6%8A%80@TG/%E6%B2%B9%E7%AE%A1%209&alterId=2
failed:  Illegal base64 character 3f
vmess://YXV0bzplNWJmMzFlMC0wZmZjLTRhY2YtODc3ZS00NDJmYWI2NDVlYzNAZWIwNDUzMTE0ZWM0NTA2NDY1NGU1N2VlYjM5NGQ2NjcxY3NkYS5qa2Nsb3VkLnh5ejo2NjY2?remarks=%E9%AD%94%E6%88%92.net%E9%A6%99%E6%B8%AF%E9%98%BF%E4%BC%9F%E7%A7%91%E6%8A%80@TG/%E6%B2%B9%E7%AE%A1&tls=1&allowInsecure=1&alterId=0
failed:  Illegal base64 character 3f
vmess://YXV0bzowODEwMzc5OC00MTRlLTMyYjYtODc0OC0yNTA3NzMyZDJjNTFAMTAxLndvd29nZy5jeW91OjUyMjAx?remarks=%E9%AD%94%E6%88%92.net%E7%BE%8E%E5%9B%BD%E5%8D%83%E5%85%86-01%E5%8F%B7&path=t.me/vpnpool&alterId=2
failed:  Illegal base64 character 3f
vmess://YXV0bzowODEwMzc5OC00MTRlLTMyYjYtODc0OC0yNTA3NzMyZDJjNTFAOTgud293b2dnLmN5b3U6NTIyOTg?remarks=%E9%AD%94%E6%88%92.net%E7%BE%8E%E5%9B%BD%E5%8D%83%E5%85%86-06%E5%8F%B7&path=t.me/vpnpool&alterId=2
failed:  Illegal base64 character 3f
vmess://YXV0bzowODEwMzc5OC00MTRlLTMyYjYtODc0OC0yNTA3NzMyZDJjNTFAOTAud293b2dnLmN5b3U6NTIyOTA?remarks=%E9%AD%94%E6%88%92.net%E9%A6%99%E6%B8%AF-%E6%97%A5%E6%9C%AC%E5%8D%83%E5%85%86-11%E5%8F%B7&path=t.me/vpnpool&alterId=2
failed:  Illegal base64 character 3f
vmess://YXV0bzowODEwMzc5OC00MTRlLTMyYjYtODc0OC0yNTA3NzMyZDJjNTFAMTA0Lndvd29nZy5jeW91OjExMjIy?remarks=%E9%AD%94%E6%88%92.net%E6%97%A5%E6%9C%AC%E5%8D%83%E5%85%86-05%E5%8F%B7&path=t.me/vpnpool&alterId=2
failed:  Illegal base64 character 3f
vmess://YXV0bzowODEwMzc5OC00MTRlLTMyYjYtODc0OC0yNTA3NzMyZDJjNTFAMTE0Lndvd29nZy5jeW91OjUyMjE0?remarks=%E9%AD%94%E6%88%92.net%E6%97%A5%E6%9C%AC%E5%8D%83%E5%85%86-10%E5%8F%B7&path=t.me/vpnpool&alterId=2
failed:  Illegal base64 character 3f
vmess://YXV0bzowODEwMzc5OC00MTRlLTMyYjYtODc0OC0yNTA3NzMyZDJjNTFAMTMxLndvd29nZy5jeW91OjUyMzMx?remarks=%E9%AD%94%E6%88%92.net%E7%BE%8E%E5%9B%BD-%E6%97%A5%E6%9C%AC%E5%8D%83%E5%85%86-02%E5%8F%B7&path=t.me/vpnpool&alterId=2
failed:  Illegal base64 character 3f
vmess://YXV0bzowODEwMzc5OC00MTRlLTMyYjYtODc0OC0yNTA3NzMyZDJjNTFAMTI3Lndvd29nZy5jeW91OjUyMjI3?remarks=%E9%AD%94%E6%88%92.net%E6%97%A5%E6%9C%AC%E5%8D%83%E5%85%86-17%E5%8F%B7&path=t.me/vpnpool&alterId=2
failed:  Illegal base64 character 3f
vmess://YXV0bzowODEwMzc5OC00MTRlLTMyYjYtODc0OC0yNTA3NzMyZDJjNTFAMTAyLndvd29nZy5jeW91OjExMjIx?remarks=%E9%AD%94%E6%88%92.net%E6%97%A5%E6%9C%AC%E5%8D%83%E5%85%86-02%E5%8F%B7&path=t.me/vpnpool&alterId=2
failed:  Illegal base64 character 3f
vmess://YXV0bzowODEwMzc5OC00MTRlLTMyYjYtODc0OC0yNTA3NzMyZDJjNTFAMTAyLndvd29nZy5jeW91OjExMjIx?remarks=%E9%AD%94%E6%88%92.net%E6%97%A5%E6%9C%AC%E5%8D%83%E5%85%86-24%E5%8F%B7&path=/&alterId=2
failed:  Illegal base64 character 3f
vmess://YXV0bzowODEwMzc5OC00MTRlLTMyYjYtODc0OC0yNTA3NzMyZDJjNTFAMTA3Lndvd29nZy5jeW91OjUyMjA3?remarks=%E9%AD%94%E6%88%92.net%E6%97%A5%E6%9C%AC%E5%8D%83%E5%85%86-07%E5%8F%B7&path=t.me/vpnpool&alterId=2
failed:  Illegal base64 character 3f
vmess://YXV0bzowODEwMzc5OC00MTRlLTMyYjYtODc0OC0yNTA3NzMyZDJjNTFAMTEwLndvd29nZy5jeW91OjUyMjEw?remarks=%E9%AD%94%E6%88%92.net%E6%97%A5%E6%9C%AC%E5%8D%83%E5%85%86-09%E5%8F%B7&path=t.me/vpnpool&alterId=2
failed:  Illegal base64 character 3f
vmess://YXV0bzowODEwMzc5OC00MTRlLTMyYjYtODc0OC0yNTA3NzMyZDJjNTFAODYud293b2dnLmN5b3U6NTIyODY?remarks=%E9%AD%94%E6%88%92.net%E9%A6%99%E6%B8%AF-%E6%97%A5%E6%9C%AC%E5%8D%83%E5%85%86-08%E5%8F%B7&path=t.me/vpnpool&alterId=2
failed:  Illegal base64 character 3f
vmess://YXV0bzowODEwMzc5OC00MTRlLTMyYjYtODc0OC0yNTA3NzMyZDJjNTFAMTI2Lndvd29nZy5jeW91OjUyMjI2?remarks=%E9%AD%94%E6%88%92.net%E6%97%A5%E6%9C%AC%E5%8D%83%E5%85%86-16%E5%8F%B7&path=t.me/vpnpool&alterId=2
failed:  Illegal base64 character 3f
vmess://YXV0bzowODEwMzc5OC00MTRlLTMyYjYtODc0OC0yNTA3NzMyZDJjNTFAMTAwLndvd29nZy5jeW91OjExMjIw?remarks=%E9%AD%94%E6%88%92.net%E6%97%A5%E6%9C%AC%E5%8D%83%E5%85%86-01%E5%8F%B7&path=t.me/vpnpool&alterId=2
failed:  Illegal base64 character 3f
vmess://YXV0bzowODEwMzc5OC00MTRlLTMyYjYtODc0OC0yNTA3NzMyZDJjNTFAMTMzLndvd29nZy5jeW91OjUyMzMz?remarks=%E9%AD%94%E6%88%92.net%E9%A6%99%E6%B8%AF-%E6%97%A5%E6%9C%AC%E5%8D%83%E5%85%86-03%E5%8F%B7&path=t.me/vpnpool&alterId=2
failed:  Illegal base64 character 3f
vmess://YXV0bzowODEwMzc5OC00MTRlLTMyYjYtODc0OC0yNTA3NzMyZDJjNTFAODQud293b2dnLmN5b3U6NTIyODQ?remarks=%E9%AD%94%E6%88%92.net%E6%97%A5%E6%9C%AC%E5%8D%83%E5%85%86-21%E5%8F%B7&path=t.me/vpnpool&alterId=2
failed:  Illegal base64 character 3f
vmess://YXV0bzowODEwMzc5OC00MTRlLTMyYjYtODc0OC0yNTA3NzMyZDJjNTFAODUud293b2dnLmN5b3U6NTIyODU?remarks=%E9%AD%94%E6%88%92.net%20vpnpool-SG-DigitalOcean&path=t.me/vpnpool&alterId=2
failed:  Illegal base64 character 3f
vmess://YXV0bzowODEwMzc5OC00MTRlLTMyYjYtODc0OC0yNTA3NzMyZDJjNTFAMTI2Lndvd29nZy5jeW91OjUyMjI2?remarks=%E9%AD%94%E6%88%92.net%20vpnpool-Tokyo-Linode&path=t.me/vpnpool&alterId=2
failed:  Illegal base64 character 3f
vmess://YXV0bzowODEwMzc5OC00MTRlLTMyYjYtODc0OC0yNTA3NzMyZDJjNTFAMTI4Lndvd29nZy5jeW91OjUyMjI4?remarks=%E9%AD%94%E6%88%92.net%20vpnpool-Tokyo-Linode&path=t.me/vpnpool&alterId=2
failed:  Illegal base64 character 3f
vmess://YXV0bzowODEwMzc5OC00MTRlLTMyYjYtODc0OC0yNTA3NzMyZDJjNTFAOTYud293b2dnLmN5b3U6NTIyOTY?remarks=%E9%AD%94%E6%88%92.net%20vpnpool-Tokyo-Linode&path=t.me/vpnpool&alterId=2
failed:  Illegal base64 character 3f
vmess://YXV0bzowODEwMzc5OC00MTRlLTMyYjYtODc0OC0yNTA3NzMyZDJjNTFAMTEwLndvd29nZy5jeW91OjUyMjEw?remarks=%E9%AD%94%E6%88%92.net%20vpnpool-SG-DigitalOcean&path=t.me/vpnpool&alterId=2
failed:  Illegal base64 character 3f
vmess://YXV0bzowODEwMzc5OC00MTRlLTMyYjYtODc0OC0yNTA3NzMyZDJjNTFAODEud293b2dnLmN5b3U6NTIyODE?remarks=%E9%AD%94%E6%88%92.net%20vpnpool-Tokyo-Linode&path=t.me/vpnpool&alterId=2
failed:  Illegal base64 character 3f
vmess://YXV0bzowODEwMzc5OC00MTRlLTMyYjYtODc0OC0yNTA3NzMyZDJjNTFAOTMud293b2dnLmN5b3U6NTIyOTM?remarks=%E9%AD%94%E6%88%92.net%20vpnpool-Tokyo-Linode&path=t.me/vpnpool&alterId=2
failed:  Illegal base64 character 3f
vmess://YXV0bzowODEwMzc5OC00MTRlLTMyYjYtODc0OC0yNTA3NzMyZDJjNTFAMTMyLndvd29nZy5jeW91OjUyMzMy?remarks=%E9%AD%94%E6%88%92.net%20vpnpool-%E9%A6%99%E6%B8%AF%E8%85%BE%E8%AE%AF%E4%BA%91&path=t.me/vpnpool&alterId=2
failed:  Illegal base64 character 3f
vmess://YXV0bzowODEwMzc5OC00MTRlLTMyYjYtODc0OC0yNTA3NzMyZDJjNTFAMTAzLndvd29nZy5jeW91OjUyMjAz?remarks=%E9%AD%94%E6%88%92.net*%F0%9F%87%AF%F0%9F%87%B5JP%20647%7C%20hi-moon.pw&alterId=2
failed:  Illegal base64 character 3f
vmess://YXV0bzowODEwMzc5OC00MTRlLTMyYjYtODc0OC0yNTA3NzMyZDJjNTFAMTA0LjIwOC45NC4zNjoxMTIyNA?remarks=%E9%AD%94%E6%88%92.net*%F0%9F%87%AF%F0%9F%87%B5JP%20693%7C%20hi-moon.pw&alterId=2
failed:  Illegal base64 character 3f
vmess://YXV0bzowODEwMzc5OC00MTRlLTMyYjYtODc0OC0yNTA3NzMyZDJjNTFAMTAwLndvd29nZy5jeW91OjExMjIw?remarks=%E9%AD%94%E6%88%92.net*%F0%9F%87%AF%F0%9F%87%B5JP%20643%7C%20hi-moon.pw&alterId=2
failed:  Illegal base64 character 3f
vmess://YXV0bzowODEwMzc5OC00MTRlLTMyYjYtODc0OC0yNTA3NzMyZDJjNTFAMTA0Lndvd29nZy5jeW91OjExMjIy?remarks=%E9%AD%94%E6%88%92.net*%F0%9F%87%AF%F0%9F%87%B5JP%201582%7C%20hi-moon.pw&alterId=2
failed:  Illegal base64 character 3f
vmess://YXV0bzowODEwMzc5OC00MTRlLTMyYjYtODc0OC0yNTA3NzMyZDJjNTFAODIud293b2dnLmN5b3U6NTIyODI?remarks=%E9%AD%94%E6%88%92.net*%F0%9F%87%AF%F0%9F%87%B5JP%20625%7C%20hi-moon.pw&alterId=2
failed:  Illegal base64 character 3f
vmess://YXV0bzowODEwMzc5OC00MTRlLTMyYjYtODc0OC0yNTA3NzMyZDJjNTFAMTI5Lndvd29nZy5jeW91OjUyMzI5?remarks=%E9%AD%94%E6%88%92.net*%F0%9F%87%AF%F0%9F%87%B5JP%20659%7C%20hi-moon.pw&alterId=2
failed:  Illegal base64 character 3f
vmess://YXV0bzowODEwMzc5OC00MTRlLTMyYjYtODc0OC0yNTA3NzMyZDJjNTFAODQud293b2dnLmN5b3U6NTIyODQ?remarks=%E9%AD%94%E6%88%92.net*%F0%9F%87%AF%F0%9F%87%B5JP%20650%7C%20hi-moon.pw&alterId=2
failed:  Illegal base64 character 3f
vmess://YXV0bzowODEwMzc5OC00MTRlLTMyYjYtODc0OC0yNTA3NzMyZDJjNTFAMTAyLndvd29nZy5jeW91OjExMjIx?remarks=%E9%AD%94%E6%88%92.net*%F0%9F%87%AF%F0%9F%87%B5JP%20652%7C%20hi-moon.pw&alterId=2
failed:  Illegal base64 character 3f
vmess://YXV0bzowODEwMzc5OC00MTRlLTMyYjYtODc0OC0yNTA3NzMyZDJjNTFAMTE5Lndvd29nZy5jeW91OjUyMjE5?remarks=%E9%AD%94%E6%88%92.net*%F0%9F%87%AF%F0%9F%87%B5JP%20646%7C%20hi-moon.pw&alterId=2
failed:  Illegal base64 character 3f
vmess://YXV0bzowODEwMzc5OC00MTRlLTMyYjYtODc0OC0yNTA3NzMyZDJjNTFAODUud293b2dnLmN5b3U6NTIyODU?remarks=%E9%AD%94%E6%88%92.net*%F0%9F%87%AF%F0%9F%87%B5JP%20654%7C%20hi-moon.pw&alterId=2
failed:  Illegal base64 character 3f
vmess://YXV0bzowODEwMzc5OC00MTRlLTMyYjYtODc0OC0yNTA3NzMyZDJjNTFAOTIud293b2dnLmN5b3U6NTIyOTI?remarks=%E9%AD%94%E6%88%92.net*%F0%9F%87%AF%F0%9F%87%B5JP%201583%7C%20hi-moon.pw&alterId=2
failed:  Illegal base64 character 3f
vmess://YXV0bzo1YzcwZGE1ZC1lNjQxLTNiZjgtYjdkYy01YmFiZDg0M2ZmM2NAMDIyMGhrMDUuZmFuczgueHl6Ojgw?remarks=%E9%AD%94%E6%88%92.net%E9%A6%99%E6%B8%AF2-%E4%B8%89%E7%BD%91%E4%BC%98%E5%8C%96&path=/v2ray&obfs=websocket&alterId=2
failed:  Illegal base64 character 3f
vmess://YXV0bzo1YzcwZGE1ZC1lNjQxLTNiZjgtYjdkYy01YmFiZDg0M2ZmM2NAMDIxOGtyMDIuZmFuczgueHl6Ojgw?remarks=%E9%AD%94%E6%88%92.net%E9%9F%A9%E5%9B%BD1-%E4%B8%89%E7%BD%91%E4%BC%98%E5%8C%96&path=/v2ray&obfs=websocket&alterId=2
failed:  Illegal base64 character 3f
vmess://YXV0bzo1YzcwZGE1ZC1lNjQxLTNiZjgtYjdkYy01YmFiZDg0M2ZmM2NAMTAzMWtyLmZhbnM4Lnh5ejo4MA?remarks=%E9%AD%94%E6%88%92.net%E9%9F%A9%E5%9B%BD8-%E4%B8%89%E7%BD%91%E4%BC%98%E5%8C%96&path=/v2ray&obfs=websocket&alterId=2
https://ghproxy.com/https://raw.githubusercontent.com/Jsnzkpg/Jsnzkpg/Jsnzkpg/Jsnzkpg 72 
https://ghproxy.com/https://raw.githubusercontent.com/Leon406/SubCrawler/main/sub/share/private/all 191 
read err blog.daodewang.org
https://blog.daodewang.org/clash/proxies 0 
https://free.dswang.ga/clash/proxies 90 
https://hk.xhrzg2017.xyz/ssr/sub 38 
https://ednovas.design/trojan/sub 6 
http://152.70.254.216:1234/trojan/sub 93 
https://free.mengbai.cf/clash/proxies 0 
https://ghproxy.com/https://raw.githubusercontent.com/colatiger/v2ray-nodes/master/vmess.md 28 
http://158.101.93.192/ssr/sub 4 
read err outseen.tk
https://outseen.tk/clash/proxies 0 
https://ghproxy.com/https://raw.githubusercontent.com/ssrsub/ssr/master/ss-sub 15 
failed______ https://ghproxy.com/https://raw.githubusercontent.com/ldir92664/gfwglass.tk-Actions/main/subscribe/clash.yml Cannot create property=proxies for JavaBean=Clash(port=7890, socks-port=7891, redir-port=0, allow-lan=true, log-level=info, secret=, external-controller=:9090, mode=Rule, proxy-groups=[], dns={}, proxies=[], rules=[])
 in 'string', line 1, column 1:
    port: 7890
    ^
Cannot create property=ws-opts for JavaBean=Node(name=DE_439 |55.50Mb, type=vmess, cipher=auto, country=, obfs=, password=, port=443, protocol=, uuid=aba50dd4-5484-3b05-b14a-4661caf862d5, alterId=4, network=ws, protocol-param=, server=146.0.42.87, servername=)
 in 'string', line 9, column 5:
      - {name: DE_439 |55.50Mb, server:  ... 
        ^
Unable to find property 'ws-opts' on class: me.leon.Node
 in 'string', line 9, column 201:
     ... fy: true, network: ws, ws-opts: {path: /ws, headers: {Host: 146. ... 
                                         ^

 in 'string', line 8, column 3:
      - {name: DE_438 |177.49Mb, serve ... 
      ^

https://ghproxy.com/https://raw.githubusercontent.com/ldir92664/gfwglass.tk-Actions/main/subscribe/clash.yml 0 
https://pool.jinxnet.xyz/ss/sub 0 
https://proxy.leefake.xyz/clash/proxies 3238 
https://mega.jinxnet.xyz/ssr/sub 19 
read err connect timed out
https://proxypool.remon602.ga/trojan/sub 0 
https://ghproxy.com/https://raw.githubusercontent.com/freebaipiao/freebaipiao/main/freebaipiaov2.txt 42 
https://node.hudaye.space/lastest/v2ray 16 
read err Received fatal alert: access_denied
https://proxypool.fly.dev/vmess/sub 0 
https://ghproxy.com/https://raw.githubusercontent.com/learnhard-cn/free_proxy_ss/main/v2ray/v2raysub 1 
https://ghproxy.com/https://raw.githubusercontent.com/freefq/free/master/ssr 49 
http://wxshi.top:9090/ssr/sub 2 
https://ghproxy.com/https://raw.githubusercontent.com/ThekingMX1998/free-v2ray-code/master/Subscription/Clash/GreenFishYYDS 77 
https://998988.xyz/ssr/sub 33 
failed______ https://ghproxy.com/https://raw.githubusercontent.com/Rokate/Proxy-Sub/main/clash/clash_v2ray.yml Cannot create property=proxies for JavaBean=Clash(port=7890, socks-port=7891, redir-port=0, allow-lan=true, log-level=info, secret=, external-controller=:9090, mode=Rule, proxy-groups=[], dns={}, proxies=[], rules=[])
 in 'string', line 1, column 1:
    mixed-port: 7890
    ^
Cannot create property=ws-opts for JavaBean=Node(name=Relay_ |21.14Mb, type=vmess, cipher=auto, country=, obfs=, password=, port=443, protocol=, uuid=aba50dd4-5484-3b05-b14a-4661caf862d5, alterId=4, network=ws, protocol-param=, server=Ze9baeS5.com, servername=)
 in 'string', line 7, column 5:
      - {name: Relay_ |21.14Mb, server:  ... 
        ^
Unable to find property 'ws-opts' on class: me.leon.Node
 in 'string', line 7, column 203:
     ... y: false, network: ws, ws-opts: {path: /ws, headers: {Host: Ze9b ... 
                                         ^

 in 'string', line 7, column 3:
      - {name: Relay_ |21.14Mb, server ... 
      ^

https://ghproxy.com/https://raw.githubusercontent.com/Rokate/Proxy-Sub/main/clash/clash_v2ray.yml 0 
https://etproxypool.cf/clash/proxies 0 
read err Connection refused (Connection refused)
https://proxy.purel.in/clash/proxies 0 
https://ghproxy.com/https://raw.githubusercontent.com/Zimuheikeji/sub/main/clash 0 
https://ghproxy.com/https://raw.githubusercontent.com/lovesr11/go_run1/main/sub/share/available 4989 
https://proxy.yugogo.xyz/vmess/sub 239 
http://158.101.93.192/clash/proxies 1452 
https://ghproxy.com/https://raw.githubusercontent.com/lovesr11/go_run1/main/sub/share/ss 2489 
https://zua426.cf/ssr/sub 28 
https://proxy.leefake.xyz/sip002/sub 2989 
http://8.135.91.61/trojan/sub 0 
https://ghproxy.com/https://raw.githubusercontent.com/lovesr11/go_run1/main/sub/share/v2 2188 
failed______ https://ghproxy.com/https://raw.githubusercontent.com/alanbobs999/sub_get/main/Eternity.yml Cannot create property=proxies for JavaBean=Clash(port=7890, socks-port=7891, redir-port=0, allow-lan=false, log-level=info, secret=, external-controller=127.0.0.1:9090, mode=rule, proxy-groups=[], dns={}, proxies=[], rules=[])
 in 'string', line 1, column 1:
    port: 7890
    ^
Cannot create property=skip-cert-vertify for JavaBean=Node(name=剩余流量：10GB, type=vmess, cipher=auto, country=, obfs=, password=, port=10086, protocol=, uuid=3d4a6179-6563-3205-b799-c812e5e05a62, alterId=0, network=, protocol-param=, server=soga.aaxcpro.xyz, servername=)
 in 'string', line 8, column 3:
    - name: 剩余流量：10GB
      ^
Unable to find property 'skip-cert-vertify' on class: me.leon.Node
 in 'string', line 15, column 22:
      skip-cert-vertify: false
                         ^

 in 'string', line 8, column 1:
    - name: 剩余流量：10GB
    ^

https://ghproxy.com/https://raw.githubusercontent.com/alanbobs999/sub_get/main/Eternity.yml 0 
https://jiedian.faka77.tk/clash/proxies 0 
https://free.dswang.ga/ssr/sub 0 
https://proxypoolss.fly.dev/clash/proxies 2598 
https://proxies.payday2.eu.org/vmess/sub 237 
https://ghproxy.com/https://raw.githubusercontent.com/lovesr11/go_run1/main/sub/share/tr 145 
https://jiang.netlify.app 405 
https://proxies.payday2.eu.org/ssr/sub 32 
https://ghproxy.com/https://raw.githubusercontent.com/Zimuheikeji/sub/main/v2ray 0 
http://152.70.254.216:1234/vmess/sub 121 
https://ghproxy.com/https://raw.githubusercontent.com/changfengoss/pub/main/data/2021_12_28/11T0wF.txt 0 
https://fq.lonxin.net/clash/proxies 2590 
failed______ https://ghproxy.com/https://raw.githubusercontent.com/ldir92664/gfwglass.tk-Actions/main/subscribe/clash-pro.yml Cannot create property=proxies for JavaBean=Clash(port=7890, socks-port=7891, redir-port=0, allow-lan=true, log-level=info, secret=, external-controller=:9090, mode=Rule, proxy-groups=[], dns={}, proxies=[], rules=[])
 in 'string', line 1, column 1:
    port: 7890
    ^
Cannot create property=ws-opts for JavaBean=Node(name=DE_439 |55.50Mb, type=vmess, cipher=auto, country=, obfs=, password=, port=443, protocol=, uuid=aba50dd4-5484-3b05-b14a-4661caf862d5, alterId=4, network=ws, protocol-param=, server=146.0.42.87, servername=)
 in 'string', line 9, column 5:
      - {name: DE_439 |55.50Mb, server:  ... 
        ^
Unable to find property 'ws-opts' on class: me.leon.Node
 in 'string', line 9, column 201:
     ... fy: true, network: ws, ws-opts: {path: /ws, headers: {Host: 146. ... 
                                         ^

 in 'string', line 8, column 3:
      - {name: DE_438 |177.49Mb, serve ... 
      ^

https://ghproxy.com/https://raw.githubusercontent.com/ldir92664/gfwglass.tk-Actions/main/subscribe/clash-pro.yml 0 
https://emby.luoml.eu.org/clash/proxies 0 
http://152.70.254.216:1234/sip002/sub 2604 
https://proxypoolss.fly.dev/trojan/sub 85 
https://ghproxy.com/https://raw.githubusercontent.com/iwxf/free-v2ray/master/index.html 57 
https://fq.lonxin.net/trojan/sub 84 
https://ghproxy.com/https://raw.githubusercontent.com/Rokate/Proxy-Sub/main/clash/clash_ssr.yml 35 
https://ghproxy.com/https://raw.githubusercontent.com/colatiger/v2ray-nodes/master/clash.yaml 31 
https://sspool.herokuapp.com/vmess/sub 240 
https://proxies.bihai.cf/sip002/sub 3255 
https://pool.jinxnet.xyz/trojan/sub 15 
read err www.zhangyu.ga
https://www.zhangyu.ga/clash/proxies 0 
http://wxshi.top:9090/sip002/sub 75 
http://wxshi.top:9090/vmess/sub 17 
https://ghproxy.com/https://raw.githubusercontent.com/Rokate/Proxy-Sub/main/clash/clash_trojan.yml 37 
https://free.kingfu.cf/ssr/sub 37 
https://free.zdl.im/ssr/sub 8 
https://ghproxy.com/https://raw.githubusercontent.com/gooooooooooooogle/Clash-Config/main/Clash.yaml 62 
https://ednovas.design/sip002/sub 2560 
http://158.101.93.192/sip002/sub 1231 
https://pool.jinxnet.xyz/vmess/sub 24 
read err Received fatal alert: access_denied
https://proxypool.fly.dev/trojan/sub 0 
https://hk.xhrzg2017.xyz/sip002/sub 2604 
read err connect timed out
https://www.yugogogogo.tk/clash/proxies 0 
read err connect timed out
http://8.136.5.236/clash/proxies 0 
欢迎加入频道 https://bit.ly/\w+|翻墙党fanqiangdang.com|海绵云机场 https://fzusrs.xyz|\*唯一官网 biteb.me \*  \*telegram群组 https://t.me/biteb1\*|.*小机场.net.*|节点更新 *https://bit.ly/\w+|请订阅-Kin.*|防失效github.com/Leon406/Sub|订阅地址:https://raw.githubusercontent.com/(\w+/)+[\w-\.]+|\S+翻墙https?://\w+.\w+
有效节点: 5442
节点分布: 
https://sspool.herokuapp.com/sip002/sub 1879/3202
https://raw.githubusercontent.com/wrfree/free/main/ssr 16/49
https://proxypool.remon602.ga/sip002/sub 0/0
https://raw.githubusercontent.com/chfchf0306/clash/main/clash 33/45
https://proxy.leefake.xyz/ssr/sub 8/14
https://proxy.yugogo.xyz/clash/proxies 2172/3668
https://raw.githubusercontent.com/anaer/Sub/main/clash.yml 0/0
https://raw.githubusercontent.com/learnhard-cn/free_proxy_ss/main/ssr/ssrsub 3/4
https://smart.zxcyec.top/clash/proxies 1603/2874
https://proxypool-guest997.herokuapp.com/ssr/sub 0/0
http://158.101.93.192/trojan/sub 54/79
https://raw.githubusercontent.com/wrfree/free/main/v2 11/28
https://6166888.xyz/clash/proxies 0/0
https://proxy.yugogo.xyz/sip002/sub 1902/3284
http://8.135.91.61/ssr/sub 0/0
https://998988.xyz/vmess/sub 75/132
http://wxshi.top:9090/clash/proxies 94/177
https://fq.lonxin.net/vmess/sub 70/134
https://raw.githubusercontent.com/freebaipiao/freebaipiao/main/freebaipiao.yaml 10/41
https://998988.xyz/sip002/sub 1123/2268
https://proxypool-guest997.herokuapp.com/clash/proxies 0/0
https://raw.githubusercontent.com/Leon406/SubCrawler/main/sub/share/all 2882/4305
https://raw.githubusercontent.com/ryanv0/jddy/main/jddyy 0/0
https://zua426.cf/clash/proxies 2018/3469
http://213.188.195.217/trojan/sub 0/0
https://free.dswang.ga/trojan/sub 1/2
https://1rmb.tk/trojan/sub 22/39
https://mega.jinxnet.xyz/vmess/sub 172/249
https://sspool.nl/clash/proxies 0/0
https://www.linbaoz.com/clash/proxies 1289/2603
https://github.com/Jsnzkpg/Jsnzkpg/raw/Jsnzkpg/Jsnzkpg 63/72
https://raw.githubusercontent.com/renyige1314/VMESS/main/VMESS 23/38
https://raw.githubusercontent.com/Leon406/SubCrawler/main/sub/share/tr 83/159
https://raw.githubusercontent.com/ldir92664/Vmess-Actions/main/subscribe/clash-bihai.yml 0/0
https://mega.jinxnet.xyz/sip002/sub 2343/3794
https://raw.githubusercontent.com/Leon406/SubCrawler/main/sub/share/v2 779/1354
https://ditan.ml/clash/proxies 0/0
http://www.fuckgfw.tk/clash/proxies 0/0
https://free.zdl.im/vmess/sub 72/141
https://998988.xyz/clash/proxies 1279/2519
https://raw.githubusercontent.com/iii6/clash/main/clash.yml 29/62
https://sspool.herokuapp.com/clash/proxies 0/0
https://raw.githubusercontent.com/ssrsub/ssr/master/Clash.yml 0/0
https://raw.githubusercontent.com/ThekingMX1998/free-v2ray-code/master/Subscription/GreenFishYYDS 59/77
https://raw.githubusercontent.com/alanbobs999/TopFreeProxies/master/sub/sub_merge.txt 1321/2513
https://free.kingfu.cf/trojan/sub 26/33
https://resona.top/clash/proxies 0/0
https://proxypool-guest997.herokuapp.com/vmess/sub 0/0
http://60.205.189.25/clash/proxies 0/0
https://proxypoolss.fly.dev/vmess/sub 71/138
https://1rmb.tk/clash/proxies 827/1373
http://152.70.254.216:1234/ssr/sub 22/38
https://free.kingfu.cf/vmess/sub 70/132
https://raw.githubusercontent.com/ermaozi/get_subscribe/main/subscribe/v2ray.txt 59/165
https://proxypool.remon602.ga/vmess/sub 0/0
https://233660.xyz/clash/proxies 0/0
https://mega.jinxnet.xyz/clash/proxies 2634/4208
https://free.zdl.im/clash/proxies 1507/2831
https://proxypoolss.fly.dev/ssr/sub 25/43
https://raw.githubusercontent.com/webdao/v2ray/master/nodes.txt 0/0
https://proxies.payday2.eu.org/ss/sub 0/0
https://raw.githubusercontent.com/changfengoss/pub/main/data/2021_12_28/2R37Kc.yaml 0/0
https://bulink.me/sub/ge5fgq/cl 0/0
https://fq.lonxin.net/sip002/sub 1139/2331
https://raw.githubusercontent.com/lovesr11/go_run1/main/sub/share/ssr 167/167
https://raw.githubusercontent.com/oslook/clash-freenode/main/clash.yaml 29/62
https://freemby.tk/clash/proxies 0/0
https://raw.githubusercontent.com/chfchf0306/bdjsq/main/VPN 33/45
https://sspool.herokuapp.com/ssr/sub 9/12
https://proxypoolss.fly.dev/sip002/sub 1143/2332
https://clashpool.ml/clash/proxies 0/0
https://raw.githubusercontent.com/iii6/clash/main/v2ray.txt 30/67
https://proxypool-guest997.herokuapp.com/trojan/sub 0/0
https://proxy.leefake.xyz/trojan/sub 65/96
https://raw.githubusercontent.com/Leon406/SubCrawler/main/sub/share/ssr 140/208
https://zua426.cf/sip002/sub 1906/3275
https://raw.githubusercontent.com/Leon406/SubCrawler/main/sub/share/ss 1880/2584
https://free.kingfu.cf/clash/proxies 1728/3034
https://free886.herokuapp.com/clash/proxies 108/206
https://proxypool.remon602.ga/clash/proxies 0/0
https://proxies.payday2.eu.org/trojan/sub 36/45
https://fu.stgod.com/clash/proxies 0/0
http://213.188.195.217/clash/proxies 0/0
https://smart.zxcyec.top/sip002/sub 1468/2651
https://proxy.yugogo.xyz/ssr/sub 39/51
https://proxypool.remon602.ga/ssr/sub 0/0
http://213.188.195.217/vmess/sub 0/0
https://raw.githubusercontent.com/ldir92664/Vmess-Actions/main/subscribe/clash.yml 0/0
https://proxypool.fly.dev/ssr/sub 0/0
https://free.dswang.ga/vmess/sub 6/17
https://raw.githubusercontent.com/freebaipiao/freebaipiao/main/link.txt 0/0
https://raw.githubusercontent.com/freefq/free/master/v2 11/28
https://proxies.bihai.cf/ssr/sub 17/30
https://raw.githubusercontent.com/ermaozi/get_subscribe/main/subscribe/clash.yml 0/0
https://1rmb.tk/sip002/sub 748/1230
https://free.zdl.im/sip002/sub 1369/2591
https://smart.zxcyec.top/vmess/sub 80/137
https://proxypool.remon602.ga/trojan/sub 0/0
https://ednovas.design/vmess/sub 46/99
https://mega.jinxnet.xyz/ss/sub 0/0
https://raw.githubusercontent.com/colatiger/v2ray-nodes/master/proxy.md 40/89
https://raw.githubusercontent.com/learnhard-cn/free_proxy_ss/main/free 4/8
https://pool.jinxnet.xyz/ssr/sub 0/0
http://8.135.91.61/vmess/sub 0/0
https://1rmb.tk/ssr/sub 4/17
https://raw.githubusercontent.com/chfchf0306/jeidian4.18/main/4.18 33/45
https://raw.githubusercontent.com/UmeLabs/node.umelabs.dev/master/Subscribe/SSR.md 0/4
https://hm2019721.ml/clash/proxies 0/0
https://proxy.51798.xyz/clash/proxies 483/884
http://hk.xhrzg2017.xyz/clash/proxies 1737/2863
http://152.70.254.216:1234/clash/proxies 1737/2863
https://proxies.bihai.cf/vmess/sub 106/178
https://proxypoolv2.tk/clash/proxies 0/0
https://zz.guicloud.xyz/clash/proxies 0/0
https://hk.xhrzg2017.xyz/trojan/sub 50/93
https://raw.githubusercontent.com/colatiger/v2ray-nodes/master/ss.md 30/59
https://ednovas.design/clash/proxies 1427/2677
https://smart.zxcyec.top/ssr/sub 2/5
https://proxy.leefake.xyz/vmess/sub 73/139
http://8.135.91.61/clash/proxies 0/0
https://free.kingfu.cf/sip002/sub 1610/2832
https://proxies.bihai.cf/trojan/sub 14/21
https://raw.githubusercontent.com/lovesr11/go_run1/main/sub/share/all 4969/4989
https://gugb.guanming.xyz/clash/proxies 0/0
https://free.dswang.ga/sip002/sub 39/71
https://raw.githubusercontent.com/colatiger/v2ray-nodes/master/trojan.md 1/2
https://ednovas.design/ssr/sub 1/12
https://zua426.cf/vmess/sub 88/151
http://ssr.mkkhack.pw/ssr.php 0/0
https://mega.jinxnet.xyz/trojan/sub 105/146
https://raw.githubusercontent.com/anaer/Sub/main/clash.yaml 0/0
https://raw.githubusercontent.com/UmeLabs/node.umelabs.dev/master/Subscribe/v2ray.md 2/2
https://998988.xyz/trojan/sub 59/86
https://smart.zxcyec.top/trojan/sub 53/81
http://213.188.195.217/sip002/sub 0/0
http://213.188.195.217/ssr/sub 0/0
https://free.zdl.im/trojan/sub 61/91
https://raw.githubusercontent.com/learnhard-cn/free_proxy_ss/main/ss/sssub 1/4
https://pool.jinxnet.xyz/clash/proxies 74/78
https://proxypoolv2.herokuapp.com/clash/proxies 0/0
https://raw.githubusercontent.com/codingbox/Free-Node-Merge/main/node.txt 13/44
http://8.135.91.61/sip002/sub 0/0
http://158.101.93.192/vmess/sub 74/138
https://hello.stgod.com/clash/proxies 0/0
https://raw.githubusercontent.com/xiyaowong/freeFQ/main/v2ray 89/327
https://ss.dswang.ga:8443/clash/proxies 46/90
https://proxies.payday2.eu.org/clash/proxies 2452/3973
https://proxy.yugogo.xyz/trojan/sub 65/94
https://proxypool.fly.dev/clash/proxies 0/0
https://raw.githubusercontent.com/vpei/Free-Node-Merge/main/out/nodecn.txt 1/1
https://raw.githubusercontent.com/ssrsub/ssr/master/trojan 1/1
https://zua426.cf/trojan/sub 8/15
https://proxies.payday2.eu.org/sip002/sub 2251/3659
https://raw.githubusercontent.com/ssrsub/ssr/master/ssrsub 1/7
https://api.buliang0.cf/easyclash 5/10
https://hk.xhrzg2017.xyz/vmess/sub 65/121
https://1rmb.tk/vmess/sub 53/87
https://www.yugogogogo.tk/clash/proxies 0/0
https://raw.githubusercontent.com/ssrsub/ssr/master/V2Ray 35/72
https://sspool.herokuapp.com/trojan/sub 66/96
https://raw.githubusercontent.com/vpei/Free-Node-Merge/main/out/node.txt 0/5
https://proxypool.fly.dev/sip002/sub 0/0
https://proxypool-guest997.herokuapp.com/sip002/sub 0/0
https://fq.lonxin.net/ssr/sub 23/41
https://proxies.bihai.cf/clash/proxies 2042/3484
https://raw.githubusercontent.com/Jsnzkpg/Jsnzkpg/Jsnzkpg/Jsnzkpg 63/72
https://pool.jinxnet.xyz/sip002/sub 39/39
https://free.dswang.ga/clash/proxies 46/90
https://raw.githubusercontent.com/Leon406/SubCrawler/main/sub/share/private/all 71/191
https://blog.daodewang.org/clash/proxies 0/0
https://outseen.tk/clash/proxies 0/0
https://hk.xhrzg2017.xyz/ssr/sub 22/38
https://ednovas.design/trojan/sub 4/6
http://152.70.254.216:1234/trojan/sub 50/93
https://free.mengbai.cf/clash/proxies 0/0
https://raw.githubusercontent.com/colatiger/v2ray-nodes/master/vmess.md 9/28
http://158.101.93.192/ssr/sub 4/4
http://wxshi.top:9090/ssr/sub 2/2
https://raw.githubusercontent.com/ssrsub/ssr/master/ss-sub 3/15
https://raw.githubusercontent.com/ldir92664/gfwglass.tk-Actions/main/subscribe/clash.yml 0/0
https://pool.jinxnet.xyz/ss/sub 0/0
https://proxy.leefake.xyz/clash/proxies 1831/3238
https://mega.jinxnet.xyz/ssr/sub 14/19
https://raw.githubusercontent.com/freebaipiao/freebaipiao/main/freebaipiaov2.txt 10/42
https://raw.githubusercontent.com/lovesr11/go_run1/main/sub/share/available 4969/4989
https://node.hudaye.space/lastest/v2ray 10/16
https://proxypool.fly.dev/vmess/sub 0/0
https://raw.githubusercontent.com/learnhard-cn/free_proxy_ss/main/v2ray/v2raysub 0/1
https://raw.githubusercontent.com/freefq/free/master/ssr 16/49
https://998988.xyz/ssr/sub 22/33
https://raw.githubusercontent.com/ThekingMX1998/free-v2ray-code/master/Subscription/Clash/GreenFishYYDS 59/77
https://etproxypool.cf/clash/proxies 0/0
https://raw.githubusercontent.com/Rokate/Proxy-Sub/main/clash/clash_v2ray.yml 0/0
https://proxy.purel.in/clash/proxies 0/0
https://raw.githubusercontent.com/Zimuheikeji/sub/main/clash 0/0
https://raw.githubusercontent.com/lovesr11/go_run1/main/sub/share/ss 2485/2489
https://proxy.yugogo.xyz/vmess/sub 166/239
http://8.136.5.236/clash/proxies 0/0
http://158.101.93.192/clash/proxies 885/1452
https://zua426.cf/ssr/sub 16/28
https://proxy.leefake.xyz/sip002/sub 1685/2989
https://raw.githubusercontent.com/lovesr11/go_run1/main/sub/share/v2 2173/2188
http://8.135.91.61/trojan/sub 0/0
https://raw.githubusercontent.com/alanbobs999/sub_get/main/Eternity.yml 0/0
https://jiedian.faka77.tk/clash/proxies 0/0
https://free.dswang.ga/ssr/sub 0/0
https://proxypoolss.fly.dev/clash/proxies 1295/2598
https://raw.githubusercontent.com/lovesr11/go_run1/main/sub/share/tr 144/145
https://proxies.payday2.eu.org/vmess/sub 155/237
https://jiang.netlify.app 221/405
https://raw.githubusercontent.com/Zimuheikeji/sub/main/v2ray 0/0
https://proxies.payday2.eu.org/ssr/sub 10/32
http://152.70.254.216:1234/vmess/sub 65/121
https://www.zhangyu.ga/clash/proxies 0/0
https://raw.githubusercontent.com/changfengoss/pub/main/data/2021_12_28/11T0wF.txt 0/0
https://fq.lonxin.net/clash/proxies 1288/2590
https://raw.githubusercontent.com/ldir92664/gfwglass.tk-Actions/main/subscribe/clash-pro.yml 0/0
https://emby.luoml.eu.org/clash/proxies 0/0
http://152.70.254.216:1234/sip002/sub 1600/2604
https://proxypoolss.fly.dev/trojan/sub 56/85
https://raw.githubusercontent.com/iwxf/free-v2ray/master/index.html 16/57
https://fq.lonxin.net/trojan/sub 56/84
https://raw.githubusercontent.com/Rokate/Proxy-Sub/main/clash/clash_ssr.yml 23/35
https://raw.githubusercontent.com/colatiger/v2ray-nodes/master/clash.yaml 16/31
https://sspool.herokuapp.com/vmess/sub 171/240
https://proxies.bihai.cf/sip002/sub 1905/3255
https://pool.jinxnet.xyz/trojan/sub 14/15
http://wxshi.top:9090/sip002/sub 26/75
http://wxshi.top:9090/vmess/sub 11/17
https://free.kingfu.cf/ssr/sub 22/37
https://raw.githubusercontent.com/Rokate/Proxy-Sub/main/clash/clash_trojan.yml 25/37
https://raw.githubusercontent.com/gooooooooooooogle/Clash-Config/main/Clash.yaml 29/62
https://free.zdl.im/ssr/sub 5/8
http://158.101.93.192/sip002/sub 753/1231
https://ednovas.design/sip002/sub 1376/2560
https://hk.xhrzg2017.xyz/sip002/sub 1600/2604
https://pool.jinxnet.xyz/vmess/sub 21/24
https://proxypool.fly.dev/trojan/sub 0/0
v2ray节点: 2463
ss节点: 2600
ssr节点: 188
trojan节点: 191
]]></system-out>
  <system-err><![CDATA[]]></system-err>
</testsuite>
